0 info it worked if it ends with ok
1 verbose cli [ 'C:\\Program Files\\nodejs\\node.exe',
1 verbose cli   'C:\\Program Files\\nodejs\\node_modules\\npm\\bin\\npm-cli.js',
1 verbose cli   'run',
1 verbose cli   'start:dev' ]
2 info using npm@3.10.10
3 info using node@v7.3.0
4 verbose run-script [ 'prestart:dev', 'start:dev', 'poststart:dev' ]
5 info lifecycle sinvueltas-front@1.0.0~prestart:dev: sinvueltas-front@1.0.0
6 silly lifecycle sinvueltas-front@1.0.0~prestart:dev: no script for prestart:dev, continuing
7 info lifecycle sinvueltas-front@1.0.0~start:dev: sinvueltas-front@1.0.0
8 verbose lifecycle sinvueltas-front@1.0.0~start:dev: unsafe-perm in lifecycle true
9 verbose lifecycle sinvueltas-front@1.0.0~start:dev: PATH: C:\Users\ANZEN\AppData\Roaming\nvm\v7.3.0\node_modules\npm\bin\node-gyp-bin;C:\wamp64\www\sinvueltas-front\node_modules\.bin;C:\Program Files\Git\mingw64\bin;C:\Program Files\Git\usr\bin;C:\Users\ANZEN\bin;C:\Ruby24-x64\bin;C:\ProgramData\Oracle\Java\javapath;C:\Program Files (x86)\Intel\iCLS Client;C:\Program Files\Intel\iCLS Client;C:\WINDOWS\system32;C:\WINDOWS;C:\WINDOWS\System32\Wbem;C:\WINDOWS\System32\WindowsPowerShell\v1.0;C:\Program Files\Intel\Intel(R) Management Engine Components\DAL;C:\Program Files (x86)\Intel\Intel(R) Management Engine Components\DAL;C:\Program Files\Intel\Intel(R) Management Engine Components\IPT;C:\Program Files (x86)\Intel\Intel(R) Management Engine Components\IPT;C:\Program Files\Intel\WiFi\bin;C:\Program Files\Common Files\Intel\WirelessCommon;C:\Program Files\Lenovo\Fingerprint Manager Pro;C:\Program Files (x86)\Common Files\lenovo\easyplussdk\bin;C:\ProgramData\Lenovo\ReadyApps;C:\Program Files (x86)\Windows Kits\8.1\Windows Performance Toolkit;C:\Program Files\Microsoft SQL Server\130\Tools\Binn;C:\Program Files\dotnet;C:\Program Files\PuTTY;C:\Program Files (x86)\QuickTime\QTSystem;C:\Users\ANZEN\AppData\Roaming\nvm;C:\Program Files\nodejs;C:\Program Files (x86)\Yarn\bin;C:\WINDOWS\System32\OpenSSH;C:\Program Files (x86)\Microsoft VS Code\bin;C:\Ruby23-x64\bin;C:\Users\ANZEN\AppData\Roaming\npm;C:\wamp64\bin\php\php7.0.10;C:\Users\ANZEN\AppData\Local\Microsoft\WindowsApps;C:\Users\ANZEN\AppData\Local\atom\bin;C:\Program Files (x86)\Microsoft VS Code\bin;C:\Users\ANZEN\AppData\Local\Programs\Fiddler;C:\Users\ANZEN\AppData\Local\Microsoft\WindowsApps;C:\Users\ANZEN\AppData\Roaming\nvm;C:\Program Files\nodejs;C:\Users\ANZEN\AppData\Local\Yarn\bin
10 verbose lifecycle sinvueltas-front@1.0.0~start:dev: CWD: C:\wamp64\www\sinvueltas-front
11 silly lifecycle sinvueltas-front@1.0.0~start:dev: Args: [ '/d /s /c', 'webpack-dev-server --mode production' ]
12 silly lifecycle sinvueltas-front@1.0.0~start:dev: Returned: code: 1  signal: null
13 info lifecycle sinvueltas-front@1.0.0~start:dev: Failed to exec start:dev script
14 verbose stack Error: sinvueltas-front@1.0.0 start:dev: `webpack-dev-server --mode production`
14 verbose stack Exit status 1
14 verbose stack     at EventEmitter.<anonymous> (C:\Users\ANZEN\AppData\Roaming\nvm\v7.3.0\node_modules\npm\lib\utils\lifecycle.js:255:16)
14 verbose stack     at emitTwo (events.js:106:13)
14 verbose stack     at EventEmitter.emit (events.js:191:7)
14 verbose stack     at ChildProcess.<anonymous> (C:\Users\ANZEN\AppData\Roaming\nvm\v7.3.0\node_modules\npm\lib\utils\spawn.js:40:14)
14 verbose stack     at emitTwo (events.js:106:13)
14 verbose stack     at ChildProcess.emit (events.js:191:7)
14 verbose stack     at maybeClose (internal/child_process.js:885:16)
14 verbose stack     at Process.ChildProcess._handle.onexit (internal/child_process.js:226:5)
15 verbose pkgid sinvueltas-front@1.0.0
16 verbose cwd C:\wamp64\www\sinvueltas-front
17 error Windows_NT 10.0.17134
18 error argv "C:\\Program Files\\nodejs\\node.exe" "C:\\Program Files\\nodejs\\node_modules\\npm\\bin\\npm-cli.js" "run" "start:dev"
19 error node v7.3.0
20 error npm  v3.10.10
21 error code ELIFECYCLE
22 error sinvueltas-front@1.0.0 start:dev: `webpack-dev-server --mode production`
22 error Exit status 1
23 error Failed at the sinvueltas-front@1.0.0 start:dev script 'webpack-dev-server --mode production'.
23 error Make sure you have the latest version of node.js and npm installed.
23 error If you do, this is most likely a problem with the sinvueltas-front package,
23 error not with npm itself.
23 error Tell the author that this fails on your system:
23 error     webpack-dev-server --mode production
23 error You can get information on how to open an issue for this project with:
23 error     npm bugs sinvueltas-front
23 error Or if that isn't available, you can get their info via:
23 error     npm owner ls sinvueltas-front
23 error There is likely additional logging output above.
24 verbose exit [ 1, true ]
